[LN] ld=CTRL ln=GGIO1 type=IED_E03BCU/CTRL/GGIO1_2 class=GGIO prefix= inst=1
[LN] ld=CTRL ln=LLN0 type=IED_J24/CTRL/LLN0 class=LLN0 prefix= inst=
[LN] ld=CTRL ln=GGIO1 type=IED_E03BCU/CTRL/GGIO1_2 class=GGIO prefix= inst=1
[LN] ld=CTRL ln=LLN0 type=IED_J24/CTRL/LLN0 class=LLN0 prefix= inst=
[LN] ld=CTRL ln=GGIO2 type=IED_E02BCU/CTRL/GGIO2_2 class=GGIO prefix= inst=2
[LN] ld=CTRL ln=LLN0 type=IED_J24/CTRL/LLN0 class=LLN0 prefix= inst=
[LN] ld=EXT ln=pdGGIO79 type=IED_E01BCU/EXT/pdGGIO79 class=GGIO prefix=pd inst=79
[LN] ld=EXT ln=pdGGIO32768 type=IED_E01BCU/EXT/pdGGIO32768_1 class=GGIO prefix=pd inst=32768
[LN] ld=EXT ln=pdGGIO23 type=IED_E01BCU/EXT/pdGGIO23 class=GGIO prefix=pd inst=23
[LN] ld=EXT ln=LPHD1 type=IED_J24/PROT/LPHD1 class=LPHD prefix= inst=1
[LN] ld=EXT ln=LLN0 type=IED_J24/MEAS/LLN0 class=LLN0 prefix= inst=
[LN] ld=CTRL ln=SYNCGAPC1 type=IED_E01BCU/CTRL/LOKE01GAPC2 class=GAPC prefix=SYNC inst=1
[LN] ld=CTRL ln=Q401CILO1 type=IED_J24/CTRL/ESCILO1 class=CILO prefix=Q401 inst=1
[LN] ld=CTRL ln=Q401CSWI1 type=IED_J24/CTRL/ESCSWI1 class=CSWI prefix=Q401 inst=1
[LN] ld=CTRL ln=Q401XCBR1 type=IED_J24/CTRL/CBXCBR1 class=XCBR prefix=Q401 inst=1
[LN] ld=CTRL ln=ARGAPC1 type=IED_E01BCU/CTRL/LOKE01GAPC2 class=GAPC prefix=AR inst=1
[LN] ld=CTRL ln=Q400CILO1 type=IED_J24/CTRL/ESCILO1 class=CILO prefix=Q400 inst=1
[LN] ld=CTRL ln=Q400CSWI1 type=IED_J24/CTRL/ESCSWI1 class=CSWI prefix=Q400 inst=1
[LN] ld=CTRL ln=Q400XCBR1 type=IED_J24/CTRL/CBXCBR1 class=XCBR prefix=Q400 inst=1
[LN] ld=CTRL ln=RSYN1 type=IED_E01BCU/CTRL/RSYN1 class=RSYN prefix= inst=1
[LN] ld=CTRL ln=LOKE01GAPC2 type=IED_E01BCU/CTRL/LOKE01GAPC2 class=GAPC prefix=LOKE01 inst=2
[LN] ld=CTRL ln=E05Q93CILO1 type=IED_J24/CTRL/ESCILO1 class=CILO prefix=E05Q93 inst=1
[LN] ld=CTRL ln=E05Q93CSWI1 type=IED_J24/CTRL/ESCSWI1 class=CSWI prefix=E05Q93 inst=1
[LN] ld=CTRL ln=E05Q93XSWI1 type=IED_J24/CTRL/ESXSWI1 class=XSWI prefix=E05Q93 inst=1
[LN] ld=CTRL ln=E01Q01CILO1 type=IED_J24/CTRL/ESCILO1 class=CILO prefix=E01Q01 inst=1
[LN] ld=CTRL ln=E01Q01CSWI1 type=IED_J24/CTRL/ESCSWI1 class=CSWI prefix=E01Q01 inst=1
[LN] ld=CTRL ln=E01Q01XCBR1 type=IED_J24/CTRL/CBXCBR1 class=XCBR prefix=E01Q01 inst=1
[LN] ld=CTRL ln=E01Q92CILO1 type=IED_J24/CTRL/ESCILO1 class=CILO prefix=E01Q92 inst=1
[LN] ld=CTRL ln=E01Q92CSWI1 type=IED_J24/CTRL/ESCSWI1 class=CSWI prefix=E01Q92 inst=1
[LN] ld=CTRL ln=E01Q92XSWI1 type=IED_J24/CTRL/ESXSWI1 class=XSWI prefix=E01Q92 inst=1
[LN] ld=CTRL ln=E01Q91CILO1 type=IED_J24/CTRL/ESCILO1 class=CILO prefix=E01Q91 inst=1
[LN] ld=CTRL ln=E01Q91CSWI1 type=IED_J24/CTRL/ESCSWI1 class=CSWI prefix=E01Q91 inst=1
[LN] ld=CTRL ln=E01Q91XSWI1 type=IED_J24/CTRL/ESXSWI1 class=XSWI prefix=E01Q91 inst=1
[LN] ld=CTRL ln=E01Q08CILO1 type=IED_J24/CTRL/ESCILO1 class=CILO prefix=E01Q08 inst=1
[LN] ld=CTRL ln=E01Q08CSWI1 type=IED_J24/CTRL/ESCSWI1 class=CSWI prefix=E01Q08 inst=1
[LN] ld=CTRL ln=E01Q08XSWI1 type=IED_J24/CTRL/ESXSWI1 class=XSWI prefix=E01Q08 inst=1
[LN] ld=CTRL ln=GGIO3 type=IED_E01BCU/CTRL/GGIO3_1 class=GGIO prefix= inst=3
[LN] ld=CTRL ln=GGIO2 type=IED_E01BCU/CTRL/GGIO2_2 class=GGIO prefix= inst=2
[LN] ld=CTRL ln=GGIO1 type=IED_E01BCU/CTRL/GGIO1_4 class=GGIO prefix= inst=1
[LN] ld=CTRL ln=LPHD1 type=IED_J24/CTRL/LPHD1 class=LPHD prefix= inst=1
[LN] ld=CTRL ln=CALH1 type=IED_J24/CTRL/CALH1 class=CALH prefix= inst=1
[LN] ld=CTRL ln=LLN0 type=IED_J24/CTRL/LLN0 class=LLN0 prefix= inst=
[LN] ld=DR ln=LPHD1 type=IED_J24/PROT/LPHD1 class=LPHD prefix= inst=1
[LN] ld=DR ln=SC_RDRE1 type=IED_J24/DR/SC_RDRE1 class=RDRE prefix=SC_ inst=1
[LN] ld=DR ln=LLN0 type=IED_J24/MEAS/LLN0 class=LLN0 prefix= inst=
[LN] ld=MEAS ln=LPHD1 type=IED_J24/PROT/LPHD1 class=LPHD prefix= inst=1
[LN] ld=MEAS ln=MSQI1 type=IED_J24/MEAS/MSQI1 class=MSQI prefix= inst=1
[LN] ld=MEAS ln=MMTR1 type=IED_J24/MEAS/MMTR1 class=MMTR prefix= inst=1
[LN] ld=MEAS ln=MMXU1 type=IED_J24/MEAS/MMXU1 class=MMXU prefix= inst=1
[LN] ld=MEAS ln=LLN0 type=IED_J24/MEAS/LLN0 class=LLN0 prefix= inst=
[LN] ld=PROT ln=PTRC3 type=IED_J24/PROT/PTRC2 class=PTRC prefix= inst=3
[LN] ld=PROT ln=PTOC4 type=IED_J24/PROT/PTOC6 class=PTOC prefix= inst=4
[LN] ld=PROT ln=PTOC3 type=IED_J24/PROT/PTOC6 class=PTOC prefix= inst=3
[LN] ld=PROT ln=PTOC13 type=IED_J24/PROT/PTOC6 class=PTOC prefix= inst=13
[LN] ld=PROT ln=PTOC12 type=IED_J24/PROT/PTOC6 class=PTOC prefix= inst=12
[LN] ld=PROT ln=PTOC11 type=IED_J24/PROT/PTOC6 class=PTOC prefix= inst=11
[LN] ld=PROT ln=PTOC10 type=IED_J24/PROT/PTOC6 class=PTOC prefix= inst=10
[LN] ld=PROT ln=PTUV2 type=IED_E01BCU/PROT/PTUV1 class=PTUV prefix= inst=2
[LN] ld=PROT ln=PTUV1 type=IED_E01BCU/PROT/PTUV1 class=PTUV prefix= inst=1
[LN] ld=PROT ln=PTOV2 type=IED_E01BCU/PROT/PTOV1 class=PTOV prefix= inst=2
[LN] ld=PROT ln=PTOV1 type=IED_E01BCU/PROT/PTOV1 class=PTOV prefix= inst=1
[LN] ld=PROT ln=RBRF1 type=IED_E01BCU/PROT/RBRF1 class=RBRF prefix= inst=1
[LN] ld=PROT ln=XCBR1 type=IED_J24/PROT/XCBR1 class=XCBR prefix= inst=1
[LN] ld=PROT ln=PTRC1 type=IED_J24/PROT/PTRC1 class=PTRC prefix= inst=1
[LN] ld=PROT ln=LPHD1 type=IED_J24/PROT/LPHD1 class=LPHD prefix= inst=1
[LN] ld=PROT ln=LLN0 type=IED_J24/PROT/LLN0 class=LLN0 prefix= inst=
ICD build summary: logical-nodes=66
LogicalNode GGIO1 has 3 fc components
LogicalNode LLN0 has 5 fc components
LogicalNode GGIO1 has 3 fc components
LogicalNode LLN0 has 5 fc components
LogicalNode GGIO2 has 3 fc components
LogicalNode LLN0 has 5 fc components
LogicalNode pdGGIO79 has 4 fc components
LogicalNode pdGGIO32768 has 4 fc components
LogicalNode pdGGIO23 has 3 fc components
LogicalNode LPHD1 has 2 fc components
LogicalNode LLN0 has 4 fc components
LogicalNode SYNCGAPC1 has 4 fc components
LogicalNode Q401CILO1 has 3 fc components
LogicalNode Q401CSWI1 has 4 fc components
LogicalNode Q401XCBR1 has 3 fc components
LogicalNode ARGAPC1 has 4 fc components
LogicalNode Q400CILO1 has 3 fc components
LogicalNode Q400CSWI1 has 4 fc components
LogicalNode Q400XCBR1 has 3 fc components
LogicalNode RSYN1 has 4 fc components
LogicalNode LOKE01GAPC2 has 4 fc components
LogicalNode E05Q93CILO1 has 3 fc components
LogicalNode E05Q93CSWI1 has 4 fc components
LogicalNode E05Q93XSWI1 has 3 fc components
LogicalNode E01Q01CILO1 has 3 fc components
LogicalNode E01Q01CSWI1 has 4 fc components
LogicalNode E01Q01XCBR1 has 3 fc components
LogicalNode E01Q92CILO1 has 3 fc components
LogicalNode E01Q92CSWI1 has 4 fc components
LogicalNode E01Q92XSWI1 has 3 fc components
LogicalNode E01Q91CILO1 has 3 fc components
LogicalNode E01Q91CSWI1 has 4 fc components
LogicalNode E01Q91XSWI1 has 3 fc components
LogicalNode E01Q08CILO1 has 3 fc components
LogicalNode E01Q08CSWI1 has 4 fc components
LogicalNode E01Q08XSWI1 has 3 fc components
LogicalNode GGIO3 has 3 fc components
LogicalNode GGIO2 has 3 fc components
LogicalNode GGIO1 has 3 fc components
LogicalNode LPHD1 has 3 fc components
LogicalNode CALH1 has 4 fc components
LogicalNode LLN0 has 5 fc components
LogicalNode LPHD1 has 2 fc components
LogicalNode SC_RDRE1 has 3 fc components
LogicalNode LLN0 has 4 fc components
LogicalNode LPHD1 has 2 fc components
LogicalNode MSQI1 has 4 fc components
LogicalNode MMTR1 has 3 fc components
LogicalNode MMXU1 has 4 fc components
LogicalNode LLN0 has 4 fc components
LogicalNode PTRC3 has 3 fc components
LogicalNode PTOC4 has 3 fc components
LogicalNode PTOC3 has 3 fc components
LogicalNode PTOC13 has 3 fc components
LogicalNode PTOC12 has 3 fc components
LogicalNode PTOC11 has 3 fc components
LogicalNode PTOC10 has 3 fc components
LogicalNode PTUV2 has 3 fc components
LogicalNode PTUV1 has 3 fc components
LogicalNode PTOV2 has 3 fc components
LogicalNode PTOV1 has 3 fc components
LogicalNode RBRF1 has 3 fc components
LogicalNode XCBR1 has 4 fc components
LogicalNode PTRC1 has 3 fc components
LogicalNode LPHD1 has 2 fc components
LogicalNode LLN0 has 5 fc components
LogicalNode LLN0 has 0 fc components
LogicalNode GGIO1 has 2 fc components
LogicalNode GGIO1 has 2 fc components
LogicalNode GGIO1 has 2 fc components
LogicalNode GGIO1 has 2 fc components
LogicalNode GGIO2 has 0 fc components
LogicalNode GGIO2 has 0 fc components
LogicalNode LLN0 has 0 fc components
LogicalNode GGIO1 has 2 fc components
LogicalNode GGIO1 has 2 fc components
LogicalNode GGIO1 has 2 fc components
LogicalNode GGIO1 has 2 fc components
LogicalNode GGIO2 has 0 fc components
LogicalNode GGIO2 has 0 fc components
LogicalNode LLN0 has 0 fc components
LogicalNode GGIO2 has 2 fc components
LogicalNode GGIO2 has 2 fc components
LogicalNode LLN0 has 0 fc components
LogicalNode GGIO2 has 0 fc components
LogicalNode GGIO2 has 0 fc components
LogicalNode LLN0 has 0 fc components
LogicalNode GGIO1 has 2 fc components
LogicalNode GGIO1 has 2 fc components
LogicalNode GGIO1 has 2 fc components
LogicalNode GGIO1 has 2 fc components
LogicalNode GGIO2 has 0 fc components
LogicalNode GGIO2 has 0 fc components
LogicalNode LLN0 has 0 fc components
LogicalNode pdGGIO79 has 2 fc components
LogicalNode pdGGIO32768 has 2 fc components
LogicalNode pdGGIO32768 has 2 fc components
LogicalNode pdGGIO32768 has 2 fc components
LogicalNode MMXU1 has 0 fc components
LogicalNode MMXU1 has 0 fc components
LogicalNode GGIO1 has 2 fc components
LogicalNode Q401XCBR1 has 2 fc components
LogicalNode Q401CSWI1 has 3 fc components
LogicalNode E01Q01XCBR1 has 1 fc components
LogicalNode Q400XCBR1 has 2 fc components
LogicalNode Q400CILO1 has 1 fc components
LogicalNode Q400CILO1 has 1 fc components
LogicalNode LOKE01GAPC2 has 1 fc components
LogicalNode E05Q93XSWI1 has 2 fc components
LogicalNode E05Q93CILO1 has 1 fc components
LogicalNode E05Q93CILO1 has 1 fc components
LogicalNode E01Q92XSWI1 has 2 fc components
LogicalNode E01Q92CILO1 has 1 fc components
LogicalNode E01Q92CILO1 has 1 fc components
LogicalNode E01Q91XSWI1 has 2 fc components
LogicalNode E01Q91CILO1 has 1 fc components
LogicalNode E01Q91CILO1 has 1 fc components
LogicalNode E01Q08XSWI1 has 2 fc components
LogicalNode E01Q01XCBR1 has 2 fc components
LogicalNode E01Q01CILO1 has 1 fc components
LogicalNode E01Q01CILO1 has 1 fc components
LogicalNode RSYN1 has 1 fc components
LogicalNode Q400CSWI1 has 3 fc components
LogicalNode GGIO3 has 2 fc components
LogicalNode GGIO3 has 2 fc components
LogicalNode GGIO3 has 2 fc components
LogicalNode GGIO2 has 0 fc components
LogicalNode GGIO2 has 2 fc components
LogicalNode GGIO2 has 2 fc components
LogicalNode GGIO2 has 2 fc components
LogicalNode GGIO2 has 2 fc components
LogicalNode GGIO2 has 2 fc components
LogicalNode GGIO2 has 2 fc components
LogicalNode GGIO2 has 2 fc components
LogicalNode GGIO2 has 2 fc components
LogicalNode GGIO2 has 2 fc components
LogicalNode GGIO2 has 2 fc components
LogicalNode GGIO2 has 2 fc components
LogicalNode GGIO2 has 2 fc components
LogicalNode GGIO2 has 2 fc components
LogicalNode GGIO2 has 2 fc components
LogicalNode GGIO2 has 2 fc components
LogicalNode GGIO2 has 2 fc components
LogicalNode GGIO2 has 2 fc components
LogicalNode GGIO2 has 2 fc components
LogicalNode GGIO2 has 2 fc components
LogicalNode GGIO2 has 2 fc components
LogicalNode GGIO2 has 2 fc components
LogicalNode GGIO2 has 2 fc components
LogicalNode GGIO2 has 2 fc components
LogicalNode GGIO2 has 2 fc components
LogicalNode GGIO2 has 2 fc components
LogicalNode GGIO2 has 2 fc components
LogicalNode GGIO2 has 2 fc components
LogicalNode GGIO2 has 2 fc components
LogicalNode GGIO2 has 0 fc components
LogicalNode GGIO2 has 2 fc components
LogicalNode GGIO1 has 2 fc components
LogicalNode GGIO1 has 2 fc components
LogicalNode GGIO1 has 2 fc components
LogicalNode GGIO1 has 2 fc components
LogicalNode GGIO1 has 2 fc components
LogicalNode GGIO1 has 2 fc components
LogicalNode GGIO1 has 2 fc components
LogicalNode GGIO1 has 2 fc components
LogicalNode GGIO1 has 2 fc components
LogicalNode GGIO1 has 2 fc components
LogicalNode GGIO1 has 2 fc components
LogicalNode GGIO1 has 2 fc components
LogicalNode GGIO1 has 2 fc components
LogicalNode GGIO1 has 2 fc components
LogicalNode GGIO1 has 2 fc components
LogicalNode GGIO1 has 2 fc components
LogicalNode GGIO1 has 2 fc components
LogicalNode E05Q93CSWI1 has 3 fc components
LogicalNode E01Q92CSWI1 has 3 fc components
LogicalNode E01Q91CSWI1 has 3 fc components
LogicalNode E01Q08CSWI1 has 3 fc components
LogicalNode E01Q01CSWI1 has 3 fc components
LogicalNode LLN0 has 1 fc components
LogicalNode LLN0 has 0 fc components
LogicalNode pdGGIO79 has 2 fc components
LogicalNode pdGGIO32768 has 2 fc components
LogicalNode MMXU1 has 2 fc components
LogicalNode MMXU1 has 2 fc components
LogicalNode MMXU1 has 2 fc components
LogicalNode MMXU1 has 0 fc components
LogicalNode MMXU1 has 0 fc components
LogicalNode MMXU1 has 0 fc components
LogicalNode MMXU1 has 0 fc components
LogicalNode MMXU1 has 0 fc components
LogicalNode MMXU1 has 0 fc components
LogicalNode MMXU1 has 0 fc components
LogicalNode PTOC4 has 1 fc components
LogicalNode PTOC3 has 1 fc components
LogicalNode PTRC3 has 1 fc components
LogicalNode PTRC3 has 1 fc components
IED_SERVER: create dataset: DYN-IED-1CTRL/LLN0$DataSet_2
IED_SERVER: create dataset: DYN-IED-1CTRL/LLN0$DataSet_2
IED_SERVER: create dataset: DYN-IED-1CTRL/LLN0$DataSet_1
IED_SERVER: create dataset: DYN-IED-1CTRL/LLN0$DataSet_3
IED_SERVER: create dataset: DYN-IED-1CTRL/LLN0$DataSet_2
IED_SERVER: create dataset: DYN-IED-1CTRL/LLN0$DataSet1
IED_SERVER: create dataset: DYN-IED-1PROT/LLN0$DataSet
IED_SERVER: Insert into cache DYN-IED-1CTRL - GGIO1
IED_SERVER: Insert into cache DYN-IED-1CTRL - GGIO1$ST
IED_SERVER: Insert into cache DYN-IED-1CTRL - GGIO1$CF
IED_SERVER: Insert into cache DYN-IED-1CTRL - GGIO1$DC
IED_SERVER: Insert into cache DYN-IED-1CTRL - LLN0
IED_SERVER: Insert into cache DYN-IED-1CTRL - LLN0$ST
IED_SERVER: create control object LN:LLN0 DO:LEDRs
IED_SERVER: create control object for LD: DYN-IED-1CTRL, LN: LLN0, name: LEDRs
IED_SERVER: Insert into cache DYN-IED-1CTRL - LLN0$CF
IED_SERVER: Insert into cache DYN-IED-1CTRL - LLN0$DC
IED_SERVER: Insert into cache DYN-IED-1CTRL - LLN0$EX
IED_SERVER: Insert into cache DYN-IED-1CTRL - GGIO1
IED_SERVER: Insert into cache DYN-IED-1CTRL - GGIO1$ST
IED_SERVER: Insert into cache DYN-IED-1CTRL - GGIO1$CF
IED_SERVER: Insert into cache DYN-IED-1CTRL - GGIO1$DC
IED_SERVER: Insert into cache DYN-IED-1CTRL - LLN0
IED_SERVER: Insert into cache DYN-IED-1CTRL - LLN0$ST
IED_SERVER: create control object LN:LLN0 DO:LEDRs
IED_SERVER: create control object for LD: DYN-IED-1CTRL, LN: LLN0, name: LEDRs
IED_SERVER: Insert into cache DYN-IED-1CTRL - LLN0$CF
IED_SERVER: Insert into cache DYN-IED-1CTRL - LLN0$DC
IED_SERVER: Insert into cache DYN-IED-1CTRL - LLN0$EX
IED_SERVER: Insert into cache DYN-IED-1CTRL - GGIO2
IED_SERVER: Insert into cache DYN-IED-1CTRL - GGIO2$ST
IED_SERVER: Insert into cache DYN-IED-1CTRL - GGIO2$CF
IED_SERVER: Insert into cache DYN-IED-1CTRL - GGIO2$DC
IED_SERVER: Insert into cache DYN-IED-1CTRL - LLN0
IED_SERVER: Insert into cache DYN-IED-1CTRL - LLN0$ST
IED_SERVER: create control object LN:LLN0 DO:LEDRs
IED_SERVER: create control object for LD: DYN-IED-1CTRL, LN: LLN0, name: LEDRs
IED_SERVER: Insert into cache DYN-IED-1CTRL - LLN0$CF
IED_SERVER: Insert into cache DYN-IED-1CTRL - LLN0$DC
IED_SERVER: Insert into cache DYN-IED-1CTRL - LLN0$EX
IED_SERVER: Insert into cache DYN-IED-1EXT - pdGGIO79
IED_SERVER: Insert into cache DYN-IED-1EXT - pdGGIO79$MX
IED_SERVER: Insert into cache DYN-IED-1EXT - pdGGIO79$ST
IED_SERVER: Insert into cache DYN-IED-1EXT - pdGGIO79$CF
IED_SERVER: Insert into cache DYN-IED-1EXT - pdGGIO79$DC
IED_SERVER: Insert into cache DYN-IED-1EXT - pdGGIO32768
IED_SERVER: Insert into cache DYN-IED-1EXT - pdGGIO32768$MX
IED_SERVER: Insert into cache DYN-IED-1EXT - pdGGIO32768$ST
IED_SERVER: Insert into cache DYN-IED-1EXT - pdGGIO32768$CF
IED_SERVER: Insert into cache DYN-IED-1EXT - pdGGIO32768$DC
IED_SERVER: Insert into cache DYN-IED-1EXT - pdGGIO23
IED_SERVER: Insert into cache DYN-IED-1EXT - pdGGIO23$ST
IED_SERVER: Insert into cache DYN-IED-1EXT - pdGGIO23$CF
IED_SERVER: Insert into cache DYN-IED-1EXT - pdGGIO23$DC
IED_SERVER: Insert into cache DYN-IED-1EXT - LPHD1
IED_SERVER: Insert into cache DYN-IED-1EXT - LPHD1$ST
IED_SERVER: Insert into cache DYN-IED-1EXT - LPHD1$DC
IED_SERVER: Insert into cache DYN-IED-1EXT - LLN0
IED_SERVER: Insert into cache DYN-IED-1EXT - LLN0$ST
IED_SERVER: Insert into cache DYN-IED-1EXT - LLN0$CF
IED_SERVER: Insert into cache DYN-IED-1EXT - LLN0$DC
IED_SERVER: Insert into cache DYN-IED-1EXT - LLN0$EX
IED_SERVER: Insert into cache DYN-IED-1CTRL - SYNCGAPC1
IED_SERVER: Insert into cache DYN-IED-1CTRL - SYNCGAPC1$ST
IED_SERVER: create control object LN:SYNCGAPC1 DO:SPCSO
IED_SERVER: create control object for LD: DYN-IED-1CTRL, LN: SYNCGAPC1, name: SPCSO
IED_SERVER: Insert into cache DYN-IED-1CTRL - SYNCGAPC1$CF
IED_SERVER: Insert into cache DYN-IED-1CTRL - SYNCGAPC1$DC
IED_SERVER: Insert into cache DYN-IED-1CTRL - Q401CILO1
IED_SERVER: Insert into cache DYN-IED-1CTRL - Q401CILO1$ST
IED_SERVER: Insert into cache DYN-IED-1CTRL - Q401CILO1$CF
IED_SERVER: Insert into cache DYN-IED-1CTRL - Q401CILO1$DC
IED_SERVER: Insert into cache DYN-IED-1CTRL - Q401CSWI1
IED_SERVER: Insert into cache DYN-IED-1CTRL - Q401CSWI1$ST
IED_SERVER: create control object LN:Q401CSWI1 DO:Pos
IED_SERVER: create control object for LD: DYN-IED-1CTRL, LN: Q401CSWI1, name: Pos
IED_SERVER: Insert into cache DYN-IED-1CTRL - Q401CSWI1$CF
IED_SERVER: Insert into cache DYN-IED-1CTRL - Q401CSWI1$DC
IED_SERVER: Insert into cache DYN-IED-1CTRL - Q401XCBR1
IED_SERVER: Insert into cache DYN-IED-1CTRL - Q401XCBR1$ST
IED_SERVER: Insert into cache DYN-IED-1CTRL - Q401XCBR1$CF
IED_SERVER: Insert into cache DYN-IED-1CTRL - Q401XCBR1$DC
IED_SERVER: Insert into cache DYN-IED-1CTRL - ARGAPC1
IED_SERVER: Insert into cache DYN-IED-1CTRL - ARGAPC1$ST
IED_SERVER: create control object LN:ARGAPC1 DO:SPCSO
IED_SERVER: create control object for LD: DYN-IED-1CTRL, LN: ARGAPC1, name: SPCSO
IED_SERVER: Insert into cache DYN-IED-1CTRL - ARGAPC1$CF
IED_SERVER: Insert into cache DYN-IED-1CTRL - ARGAPC1$DC
IED_SERVER: Insert into cache DYN-IED-1CTRL - Q400CILO1
IED_SERVER: Insert into cache DYN-IED-1CTRL - Q400CILO1$ST
IED_SERVER: Insert into cache DYN-IED-1CTRL - Q400CILO1$CF
IED_SERVER: Insert into cache DYN-IED-1CTRL - Q400CILO1$DC
IED_SERVER: Insert into cache DYN-IED-1CTRL - Q400CSWI1
IED_SERVER: Insert into cache DYN-IED-1CTRL - Q400CSWI1$ST
IED_SERVER: create control object LN:Q400CSWI1 DO:Pos
IED_SERVER: create control object for LD: DYN-IED-1CTRL, LN: Q400CSWI1, name: Pos
IED_SERVER: Insert into cache DYN-IED-1CTRL - Q400CSWI1$CF
IED_SERVER: Insert into cache DYN-IED-1CTRL - Q400CSWI1$DC
IED_SERVER: Insert into cache DYN-IED-1CTRL - Q400XCBR1
IED_SERVER: Insert into cache DYN-IED-1CTRL - Q400XCBR1$ST
IED_SERVER: Insert into cache DYN-IED-1CTRL - Q400XCBR1$CF
IED_SERVER: Insert into cache DYN-IED-1CTRL - Q400XCBR1$DC
IED_SERVER: Insert into cache DYN-IED-1CTRL - RSYN1
IED_SERVER: Insert into cache DYN-IED-1CTRL - RSYN1$MX
IED_SERVER: Insert into cache DYN-IED-1CTRL - RSYN1$ST
IED_SERVER: Insert into cache DYN-IED-1CTRL - RSYN1$CF
IED_SERVER: Insert into cache DYN-IED-1CTRL - RSYN1$DC
IED_SERVER: Insert into cache DYN-IED-1CTRL - LOKE01GAPC2
IED_SERVER: Insert into cache DYN-IED-1CTRL - LOKE01GAPC2$ST
IED_SERVER: create control object LN:LOKE01GAPC2 DO:SPCSO
IED_SERVER: create control object for LD: DYN-IED-1CTRL, LN: LOKE01GAPC2, name: SPCSO
IED_SERVER: Insert into cache DYN-IED-1CTRL - LOKE01GAPC2$CF
IED_SERVER: Insert into cache DYN-IED-1CTRL - LOKE01GAPC2$DC
IED_SERVER: Insert into cache DYN-IED-1CTRL - E05Q93CILO1
IED_SERVER: Insert into cache DYN-IED-1CTRL - E05Q93CILO1$ST
IED_SERVER: Insert into cache DYN-IED-1CTRL - E05Q93CILO1$CF
IED_SERVER: Insert into cache DYN-IED-1CTRL - E05Q93CILO1$DC
IED_SERVER: Insert into cache DYN-IED-1CTRL - E05Q93CSWI1
IED_SERVER: Insert into cache DYN-IED-1CTRL - E05Q93CSWI1$ST
IED_SERVER: create control object LN:E05Q93CSWI1 DO:Pos
IED_SERVER: create control object for LD: DYN-IED-1CTRL, LN: E05Q93CSWI1, name: Pos
IED_SERVER: Insert into cache DYN-IED-1CTRL - E05Q93CSWI1$CF
IED_SERVER: Insert into cache DYN-IED-1CTRL - E05Q93CSWI1$DC
IED_SERVER: Insert into cache DYN-IED-1CTRL - E05Q93XSWI1
IED_SERVER: Insert into cache DYN-IED-1CTRL - E05Q93XSWI1$ST
IED_SERVER: Insert into cache DYN-IED-1CTRL - E05Q93XSWI1$CF
IED_SERVER: Insert into cache DYN-IED-1CTRL - E05Q93XSWI1$DC
IED_SERVER: Insert into cache DYN-IED-1CTRL - E01Q01CILO1
IED_SERVER: Insert into cache DYN-IED-1CTRL - E01Q01CILO1$ST
IED_SERVER: Insert into cache DYN-IED-1CTRL - E01Q01CILO1$CF
IED_SERVER: Insert into cache DYN-IED-1CTRL - E01Q01CILO1$DC
IED_SERVER: Insert into cache DYN-IED-1CTRL - E01Q01CSWI1
IED_SERVER: Insert into cache DYN-IED-1CTRL - E01Q01CSWI1$ST
IED_SERVER: create control object LN:E01Q01CSWI1 DO:Pos
IED_SERVER: create control object for LD: DYN-IED-1CTRL, LN: E01Q01CSWI1, name: Pos
IED_SERVER: Insert into cache DYN-IED-1CTRL - E01Q01CSWI1$CF
IED_SERVER: Insert into cache DYN-IED-1CTRL - E01Q01CSWI1$DC
IED_SERVER: Insert into cache DYN-IED-1CTRL - E01Q01XCBR1
IED_SERVER: Insert into cache DYN-IED-1CTRL - E01Q01XCBR1$ST
IED_SERVER: Insert into cache DYN-IED-1CTRL - E01Q01XCBR1$CF
IED_SERVER: Insert into cache DYN-IED-1CTRL - E01Q01XCBR1$DC
IED_SERVER: Insert into cache DYN-IED-1CTRL - E01Q92CILO1
IED_SERVER: Insert into cache DYN-IED-1CTRL - E01Q92CILO1$ST
IED_SERVER: Insert into cache DYN-IED-1CTRL - E01Q92CILO1$CF
IED_SERVER: Insert into cache DYN-IED-1CTRL - E01Q92CILO1$DC
IED_SERVER: Insert into cache DYN-IED-1CTRL - E01Q92CSWI1
IED_SERVER: Insert into cache DYN-IED-1CTRL - E01Q92CSWI1$ST
IED_SERVER: create control object LN:E01Q92CSWI1 DO:Pos
IED_SERVER: create control object for LD: DYN-IED-1CTRL, LN: E01Q92CSWI1, name: Pos
IED_SERVER: Insert into cache DYN-IED-1CTRL - E01Q92CSWI1$CF
IED_SERVER: Insert into cache DYN-IED-1CTRL - E01Q92CSWI1$DC
IED_SERVER: Insert into cache DYN-IED-1CTRL - E01Q92XSWI1
IED_SERVER: Insert into cache DYN-IED-1CTRL - E01Q92XSWI1$ST
IED_SERVER: Insert into cache DYN-IED-1CTRL - E01Q92XSWI1$CF
IED_SERVER: Insert into cache DYN-IED-1CTRL - E01Q92XSWI1$DC
IED_SERVER: Insert into cache DYN-IED-1CTRL - E01Q91CILO1
IED_SERVER: Insert into cache DYN-IED-1CTRL - E01Q91CILO1$ST
IED_SERVER: Insert into cache DYN-IED-1CTRL - E01Q91CILO1$CF
IED_SERVER: Insert into cache DYN-IED-1CTRL - E01Q91CILO1$DC
IED_SERVER: Insert into cache DYN-IED-1CTRL - E01Q91CSWI1
IED_SERVER: Insert into cache DYN-IED-1CTRL - E01Q91CSWI1$ST
IED_SERVER: create control object LN:E01Q91CSWI1 DO:Pos
IED_SERVER: create control object for LD: DYN-IED-1CTRL, LN: E01Q91CSWI1, name: Pos
IED_SERVER: Insert into cache DYN-IED-1CTRL - E01Q91CSWI1$CF
IED_SERVER: Insert into cache DYN-IED-1CTRL - E01Q91CSWI1$DC
IED_SERVER: Insert into cache DYN-IED-1CTRL - E01Q91XSWI1
IED_SERVER: Insert into cache DYN-IED-1CTRL - E01Q91XSWI1$ST
IED_SERVER: Insert into cache DYN-IED-1CTRL - E01Q91XSWI1$CF
IED_SERVER: Insert into cache DYN-IED-1CTRL - E01Q91XSWI1$DC
IED_SERVER: Insert into cache DYN-IED-1CTRL - E01Q08CILO1
IED_SERVER: Insert into cache DYN-IED-1CTRL - E01Q08CILO1$ST
IED_SERVER: Insert into cache DYN-IED-1CTRL - E01Q08CILO1$CF
IED_SERVER: Insert into cache DYN-IED-1CTRL - E01Q08CILO1$DC
IED_SERVER: Insert into cache DYN-IED-1CTRL - E01Q08CSWI1
IED_SERVER: Insert into cache DYN-IED-1CTRL - E01Q08CSWI1$ST
IED_SERVER: create control object LN:E01Q08CSWI1 DO:Pos
IED_SERVER: create control object for LD: DYN-IED-1CTRL, LN: E01Q08CSWI1, name: Pos
IED_SERVER: Insert into cache DYN-IED-1CTRL - E01Q08CSWI1$CF
IED_SERVER: Insert into cache DYN-IED-1CTRL - E01Q08CSWI1$DC
IED_SERVER: Insert into cache DYN-IED-1CTRL - E01Q08XSWI1
IED_SERVER: Insert into cache DYN-IED-1CTRL - E01Q08XSWI1$ST
IED_SERVER: Insert into cache DYN-IED-1CTRL - E01Q08XSWI1$CF
IED_SERVER: Insert into cache DYN-IED-1CTRL - E01Q08XSWI1$DC
IED_SERVER: Insert into cache DYN-IED-1CTRL - GGIO3
IED_SERVER: Insert into cache DYN-IED-1CTRL - GGIO3$ST
IED_SERVER: Insert into cache DYN-IED-1CTRL - GGIO3$CF
IED_SERVER: Insert into cache DYN-IED-1CTRL - GGIO3$DC
IED_SERVER: Insert into cache DYN-IED-1CTRL - GGIO2
IED_SERVER: Insert into cache DYN-IED-1CTRL - GGIO2$ST
IED_SERVER: Insert into cache DYN-IED-1CTRL - GGIO2$CF
IED_SERVER: Insert into cache DYN-IED-1CTRL - GGIO2$DC
IED_SERVER: Insert into cache DYN-IED-1CTRL - GGIO1
IED_SERVER: Insert into cache DYN-IED-1CTRL - GGIO1$ST
IED_SERVER: Insert into cache DYN-IED-1CTRL - GGIO1$CF
IED_SERVER: Insert into cache DYN-IED-1CTRL - GGIO1$DC
IED_SERVER: Insert into cache DYN-IED-1CTRL - LPHD1
IED_SERVER: Insert into cache DYN-IED-1CTRL - LPHD1$ST
IED_SERVER: Insert into cache DYN-IED-1CTRL - LPHD1$DC
IED_SERVER: Insert into cache DYN-IED-1CTRL - LPHD1$EX
IED_SERVER: Insert into cache DYN-IED-1CTRL - CALH1
IED_SERVER: Insert into cache DYN-IED-1CTRL - CALH1$ST
IED_SERVER: Insert into cache DYN-IED-1CTRL - CALH1$CF
IED_SERVER: Insert into cache DYN-IED-1CTRL - CALH1$DC
IED_SERVER: Insert into cache DYN-IED-1CTRL - CALH1$EX
IED_SERVER: Insert into cache DYN-IED-1CTRL - LLN0
IED_SERVER: Insert into cache DYN-IED-1CTRL - LLN0$ST
IED_SERVER: create control object LN:LLN0 DO:LEDRs
IED_SERVER: create control object for LD: DYN-IED-1CTRL, LN: LLN0, name: LEDRs
IED_SERVER: Insert into cache DYN-IED-1CTRL - LLN0$CF
IED_SERVER: Insert into cache DYN-IED-1CTRL - LLN0$DC
IED_SERVER: Insert into cache DYN-IED-1CTRL - LLN0$EX
IED_SERVER: Insert into cache DYN-IED-1DR - LPHD1
IED_SERVER: Insert into cache DYN-IED-1DR - LPHD1$ST
IED_SERVER: Insert into cache DYN-IED-1DR - LPHD1$DC
IED_SERVER: Insert into cache DYN-IED-1DR - SC_RDRE1
IED_SERVER: Insert into cache DYN-IED-1DR - SC_RDRE1$ST
IED_SERVER: Insert into cache DYN-IED-1DR - SC_RDRE1$CF
IED_SERVER: Insert into cache DYN-IED-1DR - SC_RDRE1$DC
IED_SERVER: Insert into cache DYN-IED-1DR - LLN0
IED_SERVER: Insert into cache DYN-IED-1DR - LLN0$ST
IED_SERVER: Insert into cache DYN-IED-1DR - LLN0$CF
IED_SERVER: Insert into cache DYN-IED-1DR - LLN0$DC
IED_SERVER: Insert into cache DYN-IED-1DR - LLN0$EX
IED_SERVER: Insert into cache DYN-IED-1MEAS - LPHD1
IED_SERVER: Insert into cache DYN-IED-1MEAS - LPHD1$ST
IED_SERVER: Insert into cache DYN-IED-1MEAS - LPHD1$DC
IED_SERVER: Insert into cache DYN-IED-1MEAS - MSQI1
IED_SERVER: Insert into cache DYN-IED-1MEAS - MSQI1$MX
IED_SERVER: Insert into cache DYN-IED-1MEAS - MSQI1$ST
IED_SERVER: Insert into cache DYN-IED-1MEAS - MSQI1$CF
IED_SERVER: Insert into cache DYN-IED-1MEAS - MSQI1$DC
IED_SERVER: Insert into cache DYN-IED-1MEAS - MMTR1
IED_SERVER: Insert into cache DYN-IED-1MEAS - MMTR1$ST
IED_SERVER: Insert into cache DYN-IED-1MEAS - MMTR1$CF
IED_SERVER: Insert into cache DYN-IED-1MEAS - MMTR1$DC
IED_SERVER: Insert into cache DYN-IED-1MEAS - MMXU1
IED_SERVER: Insert into cache DYN-IED-1MEAS - MMXU1$MX
IED_SERVER: Insert into cache DYN-IED-1MEAS - MMXU1$ST
IED_SERVER: Insert into cache DYN-IED-1MEAS - MMXU1$CF
IED_SERVER: Insert into cache DYN-IED-1MEAS - MMXU1$DC
IED_SERVER: Insert into cache DYN-IED-1MEAS - LLN0
IED_SERVER: Insert into cache DYN-IED-1MEAS - LLN0$ST
IED_SERVER: Insert into cache DYN-IED-1MEAS - LLN0$CF
IED_SERVER: Insert into cache DYN-IED-1MEAS - LLN0$DC
IED_SERVER: Insert into cache DYN-IED-1MEAS - LLN0$EX
IED_SERVER: Insert into cache DYN-IED-1PROT - PTRC3
IED_SERVER: Insert into cache DYN-IED-1PROT - PTRC3$ST
IED_SERVER: Insert into cache DYN-IED-1PROT - PTRC3$CF
IED_SERVER: Insert into cache DYN-IED-1PROT - PTRC3$DC
IED_SERVER: Insert into cache DYN-IED-1PROT - PTOC4
IED_SERVER: Insert into cache DYN-IED-1PROT - PTOC4$ST
IED_SERVER: Insert into cache DYN-IED-1PROT - PTOC4$CF
IED_SERVER: Insert into cache DYN-IED-1PROT - PTOC4$DC
IED_SERVER: Insert into cache DYN-IED-1PROT - PTOC3
IED_SERVER: Insert into cache DYN-IED-1PROT - PTOC3$ST
IED_SERVER: Insert into cache DYN-IED-1PROT - PTOC3$CF
IED_SERVER: Insert into cache DYN-IED-1PROT - PTOC3$DC
IED_SERVER: Insert into cache DYN-IED-1PROT - PTOC13
IED_SERVER: Insert into cache DYN-IED-1PROT - PTOC13$ST
IED_SERVER: Insert into cache DYN-IED-1PROT - PTOC13$CF
IED_SERVER: Insert into cache DYN-IED-1PROT - PTOC13$DC
IED_SERVER: Insert into cache DYN-IED-1PROT - PTOC12
IED_SERVER: Insert into cache DYN-IED-1PROT - PTOC12$ST
IED_SERVER: Insert into cache DYN-IED-1PROT - PTOC12$CF
IED_SERVER: Insert into cache DYN-IED-1PROT - PTOC12$DC
IED_SERVER: Insert into cache DYN-IED-1PROT - PTOC11
IED_SERVER: Insert into cache DYN-IED-1PROT - PTOC11$ST
IED_SERVER: Insert into cache DYN-IED-1PROT - PTOC11$CF
IED_SERVER: Insert into cache DYN-IED-1PROT - PTOC11$DC
IED_SERVER: Insert into cache DYN-IED-1PROT - PTOC10
IED_SERVER: Insert into cache DYN-IED-1PROT - PTOC10$ST
IED_SERVER: Insert into cache DYN-IED-1PROT - PTOC10$CF
IED_SERVER: Insert into cache DYN-IED-1PROT - PTOC10$DC
IED_SERVER: Insert into cache DYN-IED-1PROT - PTUV2
IED_SERVER: Insert into cache DYN-IED-1PROT - PTUV2$ST
IED_SERVER: Insert into cache DYN-IED-1PROT - PTUV2$CF
IED_SERVER: Insert into cache DYN-IED-1PROT - PTUV2$DC
IED_SERVER: Insert into cache DYN-IED-1PROT - PTUV1
IED_SERVER: Insert into cache DYN-IED-1PROT - PTUV1$ST
IED_SERVER: Insert into cache DYN-IED-1PROT - PTUV1$CF
IED_SERVER: Insert into cache DYN-IED-1PROT - PTUV1$DC
IED_SERVER: Insert into cache DYN-IED-1PROT - PTOV2
IED_SERVER: Insert into cache DYN-IED-1PROT - PTOV2$ST
IED_SERVER: Insert into cache DYN-IED-1PROT - PTOV2$CF
IED_SERVER: Insert into cache DYN-IED-1PROT - PTOV2$DC
IED_SERVER: Insert into cache DYN-IED-1PROT - PTOV1
IED_SERVER: Insert into cache DYN-IED-1PROT - PTOV1$ST
IED_SERVER: Insert into cache DYN-IED-1PROT - PTOV1$CF
IED_SERVER: Insert into cache DYN-IED-1PROT - PTOV1$DC
IED_SERVER: Insert into cache DYN-IED-1PROT - RBRF1
IED_SERVER: Insert into cache DYN-IED-1PROT - RBRF1$ST
IED_SERVER: Insert into cache DYN-IED-1PROT - RBRF1$CF
IED_SERVER: Insert into cache DYN-IED-1PROT - RBRF1$DC
IED_SERVER: Insert into cache DYN-IED-1PROT - XCBR1
IED_SERVER: Insert into cache DYN-IED-1PROT - XCBR1$ST
IED_SERVER: Insert into cache DYN-IED-1PROT - XCBR1$CF
IED_SERVER: Insert into cache DYN-IED-1PROT - XCBR1$DC
IED_SERVER: Insert into cache DYN-IED-1PROT - XCBR1$EX
IED_SERVER: Insert into cache DYN-IED-1PROT - PTRC1
IED_SERVER: Insert into cache DYN-IED-1PROT - PTRC1$ST
IED_SERVER: Insert into cache DYN-IED-1PROT - PTRC1$CF
IED_SERVER: Insert into cache DYN-IED-1PROT - PTRC1$DC
IED_SERVER: Insert into cache DYN-IED-1PROT - LPHD1
IED_SERVER: Insert into cache DYN-IED-1PROT - LPHD1$ST
IED_SERVER: Insert into cache DYN-IED-1PROT - LPHD1$DC
IED_SERVER: Insert into cache DYN-IED-1PROT - LLN0
IED_SERVER: Insert into cache DYN-IED-1PROT - LLN0$ST
IED_SERVER: create control object LN:LLN0 DO:Mod
IED_SERVER: create control object for LD: DYN-IED-1PROT, LN: LLN0, name: Mod
IED_SERVER: Insert into cache DYN-IED-1PROT - LLN0$CF
IED_SERVER: Insert into cache DYN-IED-1PROT - LLN0$DC
IED_SERVER: Insert into cache DYN-IED-1PROT - LLN0$EX
IED_SERVER: Insert into cache DYN-IED-1CTRL - LLN0
IED_SERVER: Insert into cache DYN-IED-1CTRL - GGIO1
IED_SERVER: Insert into cache DYN-IED-1CTRL - GGIO1$ST
IED_SERVER: Insert into cache DYN-IED-1CTRL - GGIO1$CF
IED_SERVER: Insert into cache DYN-IED-1CTRL - GGIO1
IED_SERVER: Insert into cache DYN-IED-1CTRL - GGIO1$ST
IED_SERVER: Insert into cache DYN-IED-1CTRL - GGIO1$CF
IED_SERVER: Insert into cache DYN-IED-1CTRL - GGIO1
IED_SERVER: Insert into cache DYN-IED-1CTRL - GGIO1$ST
IED_SERVER: Insert into cache DYN-IED-1CTRL - GGIO1$CF
IED_SERVER: Insert into cache DYN-IED-1CTRL - GGIO1
IED_SERVER: Insert into cache DYN-IED-1CTRL - GGIO1$ST
IED_SERVER: Insert into cache DYN-IED-1CTRL - GGIO1$CF
IED_SERVER: Insert into cache DYN-IED-1CTRL - GGIO2
IED_SERVER: Insert into cache DYN-IED-1CTRL - GGIO2
IED_SERVER: Insert into cache DYN-IED-1CTRL - LLN0
IED_SERVER: Insert into cache DYN-IED-1CTRL - GGIO1
IED_SERVER: Insert into cache DYN-IED-1CTRL - GGIO1$ST
IED_SERVER: Insert into cache DYN-IED-1CTRL - GGIO1$CF
IED_SERVER: Insert into cache DYN-IED-1CTRL - GGIO1
IED_SERVER: Insert into cache DYN-IED-1CTRL - GGIO1$ST
IED_SERVER: Insert into cache DYN-IED-1CTRL - GGIO1$CF
IED_SERVER: Insert into cache DYN-IED-1CTRL - GGIO1
IED_SERVER: Insert into cache DYN-IED-1CTRL - GGIO1$ST
IED_SERVER: Insert into cache DYN-IED-1CTRL - GGIO1$CF
IED_SERVER: Insert into cache DYN-IED-1CTRL - GGIO1
IED_SERVER: Insert into cache DYN-IED-1CTRL - GGIO1$ST
IED_SERVER: Insert into cache DYN-IED-1CTRL - GGIO1$CF
IED_SERVER: Insert into cache DYN-IED-1CTRL - GGIO2
IED_SERVER: Insert into cache DYN-IED-1CTRL - GGIO2
IED_SERVER: Insert into cache DYN-IED-1CTRL - LLN0
IED_SERVER: Insert into cache DYN-IED-1CTRL - GGIO2
IED_SERVER: Insert into cache DYN-IED-1CTRL - GGIO2$ST
IED_SERVER: Insert into cache DYN-IED-1CTRL - GGIO2$CF
IED_SERVER: Insert into cache DYN-IED-1CTRL - GGIO2
IED_SERVER: Insert into cache DYN-IED-1CTRL - GGIO2$ST
IED_SERVER: Insert into cache DYN-IED-1CTRL - GGIO2$CF
IED_SERVER: Insert into cache DYN-IED-1CTRL - LLN0
IED_SERVER: Insert into cache DYN-IED-1CTRL - GGIO2
IED_SERVER: Insert into cache DYN-IED-1CTRL - GGIO2
IED_SERVER: Insert into cache DYN-IED-1CTRL - LLN0
IED_SERVER: Insert into cache DYN-IED-1CTRL - GGIO1
IED_SERVER: Insert into cache DYN-IED-1CTRL - GGIO1$ST
IED_SERVER: Insert into cache DYN-IED-1CTRL - GGIO1$CF
IED_SERVER: Insert into cache DYN-IED-1CTRL - GGIO1
IED_SERVER: Insert into cache DYN-IED-1CTRL - GGIO1$ST
IED_SERVER: Insert into cache DYN-IED-1CTRL - GGIO1$CF
IED_SERVER: Insert into cache DYN-IED-1CTRL - GGIO1
IED_SERVER: Insert into cache DYN-IED-1CTRL - GGIO1$ST
IED_SERVER: Insert into cache DYN-IED-1CTRL - GGIO1$CF
IED_SERVER: Insert into cache DYN-IED-1CTRL - GGIO1
IED_SERVER: Insert into cache DYN-IED-1CTRL - GGIO1$ST
IED_SERVER: Insert into cache DYN-IED-1CTRL - GGIO1$CF
IED_SERVER: Insert into cache DYN-IED-1CTRL - GGIO2
IED_SERVER: Insert into cache DYN-IED-1CTRL - GGIO2
IED_SERVER: Insert into cache DYN-IED-1CTRL - LLN0
IED_SERVER: Insert into cache DYN-IED-1EXT - pdGGIO79
IED_SERVER: Insert into cache DYN-IED-1EXT - pdGGIO79$MX
IED_SERVER: Insert into cache DYN-IED-1EXT - pdGGIO79$CF
IED_SERVER: Insert into cache DYN-IED-1EXT - pdGGIO32768
IED_SERVER: Insert into cache DYN-IED-1EXT - pdGGIO32768$MX
IED_SERVER: Insert into cache DYN-IED-1EXT - pdGGIO32768$CF
IED_SERVER: Insert into cache DYN-IED-1EXT - pdGGIO32768
IED_SERVER: Insert into cache DYN-IED-1EXT - pdGGIO32768$MX
IED_SERVER: Insert into cache DYN-IED-1EXT - pdGGIO32768$CF
IED_SERVER: Insert into cache DYN-IED-1EXT - pdGGIO32768
IED_SERVER: Insert into cache DYN-IED-1EXT - pdGGIO32768$ST
IED_SERVER: Insert into cache DYN-IED-1EXT - pdGGIO32768$CF
IED_SERVER: Insert into cache DYN-IED-1MEAS - MMXU1
IED_SERVER: Insert into cache DYN-IED-1MEAS - MMXU1
IED_SERVER: Insert into cache DYN-IED-1CTRL - GGIO1
IED_SERVER: Insert into cache DYN-IED-1CTRL - GGIO1$ST
IED_SERVER: Insert into cache DYN-IED-1CTRL - GGIO1$CF
IED_SERVER: Insert into cache DYN-IED-1CTRL - Q401XCBR1
IED_SERVER: Insert into cache DYN-IED-1CTRL - Q401XCBR1$ST
IED_SERVER: Insert into cache DYN-IED-1CTRL - Q401XCBR1$CF
IED_SERVER: Insert into cache DYN-IED-1CTRL - Q401CSWI1
IED_SERVER: Insert into cache DYN-IED-1CTRL - Q401CSWI1$ST
IED_SERVER: create control object LN:Q401CSWI1 DO:Pos
IED_SERVER: create control object for LD: DYN-IED-1CTRL, LN: Q401CSWI1, name: Pos
IED_SERVER: Insert into cache DYN-IED-1CTRL - Q401CSWI1$CF
IED_SERVER: Insert into cache DYN-IED-1CTRL - E01Q01XCBR1
IED_SERVER: Insert into cache DYN-IED-1CTRL - E01Q01XCBR1$ST
IED_SERVER: Insert into cache DYN-IED-1CTRL - Q400XCBR1
IED_SERVER: Insert into cache DYN-IED-1CTRL - Q400XCBR1$ST
IED_SERVER: Insert into cache DYN-IED-1CTRL - Q400XCBR1$CF
IED_SERVER: Insert into cache DYN-IED-1CTRL - Q400CILO1
IED_SERVER: Insert into cache DYN-IED-1CTRL - Q400CILO1$ST
IED_SERVER: Insert into cache DYN-IED-1CTRL - Q400CILO1
IED_SERVER: Insert into cache DYN-IED-1CTRL - Q400CILO1$ST
IED_SERVER: Insert into cache DYN-IED-1CTRL - LOKE01GAPC2
IED_SERVER: Insert into cache DYN-IED-1CTRL - LOKE01GAPC2$ST
IED_SERVER: Insert into cache DYN-IED-1CTRL - E05Q93XSWI1
IED_SERVER: Insert into cache DYN-IED-1CTRL - E05Q93XSWI1$ST
IED_SERVER: Insert into cache DYN-IED-1CTRL - E05Q93XSWI1$CF
IED_SERVER: Insert into cache DYN-IED-1CTRL - E05Q93CILO1
IED_SERVER: Insert into cache DYN-IED-1CTRL - E05Q93CILO1$ST
IED_SERVER: Insert into cache DYN-IED-1CTRL - E05Q93CILO1
IED_SERVER: Insert into cache DYN-IED-1CTRL - E05Q93CILO1$ST
IED_SERVER: Insert into cache DYN-IED-1CTRL - E01Q92XSWI1
IED_SERVER: Insert into cache DYN-IED-1CTRL - E01Q92XSWI1$ST
IED_SERVER: Insert into cache DYN-IED-1CTRL - E01Q92XSWI1$CF
IED_SERVER: Insert into cache DYN-IED-1CTRL - E01Q92CILO1
IED_SERVER: Insert into cache DYN-IED-1CTRL - E01Q92CILO1$ST
IED_SERVER: Insert into cache DYN-IED-1CTRL - E01Q92CILO1
IED_SERVER: Insert into cache DYN-IED-1CTRL - E01Q92CILO1$ST
IED_SERVER: Insert into cache DYN-IED-1CTRL - E01Q91XSWI1
IED_SERVER: Insert into cache DYN-IED-1CTRL - E01Q91XSWI1$ST
IED_SERVER: Insert into cache DYN-IED-1CTRL - E01Q91XSWI1$CF
IED_SERVER: Insert into cache DYN-IED-1CTRL - E01Q91CILO1
IED_SERVER: Insert into cache DYN-IED-1CTRL - E01Q91CILO1$ST
IED_SERVER: Insert into cache DYN-IED-1CTRL - E01Q91CILO1
IED_SERVER: Insert into cache DYN-IED-1CTRL - E01Q91CILO1$ST
IED_SERVER: Insert into cache DYN-IED-1CTRL - E01Q08XSWI1
IED_SERVER: Insert into cache DYN-IED-1CTRL - E01Q08XSWI1$ST
IED_SERVER: Insert into cache DYN-IED-1CTRL - E01Q08XSWI1$CF
IED_SERVER: Insert into cache DYN-IED-1CTRL - E01Q01XCBR1
IED_SERVER: Insert into cache DYN-IED-1CTRL - E01Q01XCBR1$ST
IED_SERVER: Insert into cache DYN-IED-1CTRL - E01Q01XCBR1$CF
IED_SERVER: Insert into cache DYN-IED-1CTRL - E01Q01CILO1
IED_SERVER: Insert into cache DYN-IED-1CTRL - E01Q01CILO1$ST
IED_SERVER: Insert into cache DYN-IED-1CTRL - E01Q01CILO1
IED_SERVER: Insert into cache DYN-IED-1CTRL - E01Q01CILO1$ST
IED_SERVER: Insert into cache DYN-IED-1CTRL - RSYN1
IED_SERVER: Insert into cache DYN-IED-1CTRL - RSYN1$ST
IED_SERVER: Insert into cache DYN-IED-1CTRL - Q400CSWI1
IED_SERVER: Insert into cache DYN-IED-1CTRL - Q400CSWI1$ST
IED_SERVER: create control object LN:Q400CSWI1 DO:Pos
IED_SERVER: create control object for LD: DYN-IED-1CTRL, LN: Q400CSWI1, name: Pos
IED_SERVER: Insert into cache DYN-IED-1CTRL - Q400CSWI1$CF
IED_SERVER: Insert into cache DYN-IED-1CTRL - GGIO3
IED_SERVER: Insert into cache DYN-IED-1CTRL - GGIO3$ST
IED_SERVER: Insert into cache DYN-IED-1CTRL - GGIO3$CF
IED_SERVER: Insert into cache DYN-IED-1CTRL - GGIO3
IED_SERVER: Insert into cache DYN-IED-1CTRL - GGIO3$ST
IED_SERVER: Insert into cache DYN-IED-1CTRL - GGIO3$CF
IED_SERVER: Insert into cache DYN-IED-1CTRL - GGIO3
IED_SERVER: Insert into cache DYN-IED-1CTRL - GGIO3$ST
IED_SERVER: Insert into cache DYN-IED-1CTRL - GGIO3$CF
IED_SERVER: Insert into cache DYN-IED-1CTRL - GGIO2
IED_SERVER: Insert into cache DYN-IED-1CTRL - GGIO2
IED_SERVER: Insert into cache DYN-IED-1CTRL - GGIO2$ST
IED_SERVER: Insert into cache DYN-IED-1CTRL - GGIO2$CF
IED_SERVER: Insert into cache DYN-IED-1CTRL - GGIO2
IED_SERVER: Insert into cache DYN-IED-1CTRL - GGIO2$ST
IED_SERVER: Insert into cache DYN-IED-1CTRL - GGIO2$CF
IED_SERVER: Insert into cache DYN-IED-1CTRL - GGIO2
IED_SERVER: Insert into cache DYN-IED-1CTRL - GGIO2$ST
IED_SERVER: Insert into cache DYN-IED-1CTRL - GGIO2$CF
IED_SERVER: Insert into cache DYN-IED-1CTRL - GGIO2
IED_SERVER: Insert into cache DYN-IED-1CTRL - GGIO2$ST
IED_SERVER: Insert into cache DYN-IED-1CTRL - GGIO2$CF
IED_SERVER: Insert into cache DYN-IED-1CTRL - GGIO2
IED_SERVER: Insert into cache DYN-IED-1CTRL - GGIO2$ST
IED_SERVER: Insert into cache DYN-IED-1CTRL - GGIO2$CF
IED_SERVER: Insert into cache DYN-IED-1CTRL - GGIO2
IED_SERVER: Insert into cache DYN-IED-1CTRL - GGIO2$ST
IED_SERVER: Insert into cache DYN-IED-1CTRL - GGIO2$CF
IED_SERVER: Insert into cache DYN-IED-1CTRL - GGIO2
IED_SERVER: Insert into cache DYN-IED-1CTRL - GGIO2$ST
IED_SERVER: Insert into cache DYN-IED-1CTRL - GGIO2$CF
IED_SERVER: Insert into cache DYN-IED-1CTRL - GGIO2
IED_SERVER: Insert into cache DYN-IED-1CTRL - GGIO2$ST
IED_SERVER: Insert into cache DYN-IED-1CTRL - GGIO2$CF
IED_SERVER: Insert into cache DYN-IED-1CTRL - GGIO2
IED_SERVER: Insert into cache DYN-IED-1CTRL - GGIO2$ST
IED_SERVER: Insert into cache DYN-IED-1CTRL - GGIO2$CF
IED_SERVER: Insert into cache DYN-IED-1CTRL - GGIO2
IED_SERVER: Insert into cache DYN-IED-1CTRL - GGIO2$ST
IED_SERVER: Insert into cache DYN-IED-1CTRL - GGIO2$CF
IED_SERVER: Insert into cache DYN-IED-1CTRL - GGIO2
IED_SERVER: Insert into cache DYN-IED-1CTRL - GGIO2$ST
IED_SERVER: Insert into cache DYN-IED-1CTRL - GGIO2$CF
IED_SERVER: Insert into cache DYN-IED-1CTRL - GGIO2
IED_SERVER: Insert into cache DYN-IED-1CTRL - GGIO2$ST
IED_SERVER: Insert into cache DYN-IED-1CTRL - GGIO2$CF
IED_SERVER: Insert into cache DYN-IED-1CTRL - GGIO2
IED_SERVER: Insert into cache DYN-IED-1CTRL - GGIO2$ST
IED_SERVER: Insert into cache DYN-IED-1CTRL - GGIO2$CF
IED_SERVER: Insert into cache DYN-IED-1CTRL - GGIO2
IED_SERVER: Insert into cache DYN-IED-1CTRL - GGIO2$ST
IED_SERVER: Insert into cache DYN-IED-1CTRL - GGIO2$CF
IED_SERVER: Insert into cache DYN-IED-1CTRL - GGIO2
IED_SERVER: Insert into cache DYN-IED-1CTRL - GGIO2$ST
IED_SERVER: Insert into cache DYN-IED-1CTRL - GGIO2$CF
IED_SERVER: Insert into cache DYN-IED-1CTRL - GGIO2
IED_SERVER: Insert into cache DYN-IED-1CTRL - GGIO2$ST
IED_SERVER: Insert into cache DYN-IED-1CTRL - GGIO2$CF
IED_SERVER: Insert into cache DYN-IED-1CTRL - GGIO2
IED_SERVER: Insert into cache DYN-IED-1CTRL - GGIO2$ST
IED_SERVER: Insert into cache DYN-IED-1CTRL - GGIO2$CF
IED_SERVER: Insert into cache DYN-IED-1CTRL - GGIO2
IED_SERVER: Insert into cache DYN-IED-1CTRL - GGIO2$ST
IED_SERVER: Insert into cache DYN-IED-1CTRL - GGIO2$CF
IED_SERVER: Insert into cache DYN-IED-1CTRL - GGIO2
IED_SERVER: Insert into cache DYN-IED-1CTRL - GGIO2$ST
IED_SERVER: Insert into cache DYN-IED-1CTRL - GGIO2$CF
IED_SERVER: Insert into cache DYN-IED-1CTRL - GGIO2
IED_SERVER: Insert into cache DYN-IED-1CTRL - GGIO2$ST
IED_SERVER: Insert into cache DYN-IED-1CTRL - GGIO2$CF
IED_SERVER: Insert into cache DYN-IED-1CTRL - GGIO2
IED_SERVER: Insert into cache DYN-IED-1CTRL - GGIO2$ST
IED_SERVER: Insert into cache DYN-IED-1CTRL - GGIO2$CF
IED_SERVER: Insert into cache DYN-IED-1CTRL - GGIO2
IED_SERVER: Insert into cache DYN-IED-1CTRL - GGIO2$ST
IED_SERVER: Insert into cache DYN-IED-1CTRL - GGIO2$CF
IED_SERVER: Insert into cache DYN-IED-1CTRL - GGIO2
IED_SERVER: Insert into cache DYN-IED-1CTRL - GGIO2$ST
IED_SERVER: Insert into cache DYN-IED-1CTRL - GGIO2$CF
IED_SERVER: Insert into cache DYN-IED-1CTRL - GGIO2
IED_SERVER: Insert into cache DYN-IED-1CTRL - GGIO2$ST
IED_SERVER: Insert into cache DYN-IED-1CTRL - GGIO2$CF
IED_SERVER: Insert into cache DYN-IED-1CTRL - GGIO2
IED_SERVER: Insert into cache DYN-IED-1CTRL - GGIO2$ST
IED_SERVER: Insert into cache DYN-IED-1CTRL - GGIO2$CF
IED_SERVER: Insert into cache DYN-IED-1CTRL - GGIO2
IED_SERVER: Insert into cache DYN-IED-1CTRL - GGIO2$ST
IED_SERVER: Insert into cache DYN-IED-1CTRL - GGIO2$CF
IED_SERVER: Insert into cache DYN-IED-1CTRL - GGIO2
IED_SERVER: Insert into cache DYN-IED-1CTRL - GGIO2$ST
IED_SERVER: Insert into cache DYN-IED-1CTRL - GGIO2$CF
IED_SERVER: Insert into cache DYN-IED-1CTRL - GGIO2
IED_SERVER: Insert into cache DYN-IED-1CTRL - GGIO2$ST
IED_SERVER: Insert into cache DYN-IED-1CTRL - GGIO2$CF
IED_SERVER: Insert into cache DYN-IED-1CTRL - GGIO2
IED_SERVER: Insert into cache DYN-IED-1CTRL - GGIO2
IED_SERVER: Insert into cache DYN-IED-1CTRL - GGIO2$ST
IED_SERVER: Insert into cache DYN-IED-1CTRL - GGIO2$CF
IED_SERVER: Insert into cache DYN-IED-1CTRL - GGIO1
IED_SERVER: Insert into cache DYN-IED-1CTRL - GGIO1$ST
IED_SERVER: Insert into cache DYN-IED-1CTRL - GGIO1$CF
IED_SERVER: Insert into cache DYN-IED-1CTRL - GGIO1
IED_SERVER: Insert into cache DYN-IED-1CTRL - GGIO1$ST
IED_SERVER: Insert into cache DYN-IED-1CTRL - GGIO1$CF
IED_SERVER: Insert into cache DYN-IED-1CTRL - GGIO1
IED_SERVER: Insert into cache DYN-IED-1CTRL - GGIO1$ST
IED_SERVER: Insert into cache DYN-IED-1CTRL - GGIO1$CF
IED_SERVER: Insert into cache DYN-IED-1CTRL - GGIO1
IED_SERVER: Insert into cache DYN-IED-1CTRL - GGIO1$ST
IED_SERVER: Insert into cache DYN-IED-1CTRL - GGIO1$CF
IED_SERVER: Insert into cache DYN-IED-1CTRL - GGIO1
IED_SERVER: Insert into cache DYN-IED-1CTRL - GGIO1$ST
IED_SERVER: Insert into cache DYN-IED-1CTRL - GGIO1$CF
IED_SERVER: Insert into cache DYN-IED-1CTRL - GGIO1
IED_SERVER: Insert into cache DYN-IED-1CTRL - GGIO1$ST
IED_SERVER: Insert into cache DYN-IED-1CTRL - GGIO1$CF
IED_SERVER: Insert into cache DYN-IED-1CTRL - GGIO1
IED_SERVER: Insert into cache DYN-IED-1CTRL - GGIO1$ST
IED_SERVER: Insert into cache DYN-IED-1CTRL - GGIO1$CF
IED_SERVER: Insert into cache DYN-IED-1CTRL - GGIO1
IED_SERVER: Insert into cache DYN-IED-1CTRL - GGIO1$ST
IED_SERVER: Insert into cache DYN-IED-1CTRL - GGIO1$CF
IED_SERVER: Insert into cache DYN-IED-1CTRL - GGIO1
IED_SERVER: Insert into cache DYN-IED-1CTRL - GGIO1$ST
IED_SERVER: Insert into cache DYN-IED-1CTRL - GGIO1$CF
IED_SERVER: Insert into cache DYN-IED-1CTRL - GGIO1
IED_SERVER: Insert into cache DYN-IED-1CTRL - GGIO1$ST
IED_SERVER: Insert into cache DYN-IED-1CTRL - GGIO1$CF
IED_SERVER: Insert into cache DYN-IED-1CTRL - GGIO1
IED_SERVER: Insert into cache DYN-IED-1CTRL - GGIO1$ST
IED_SERVER: Insert into cache DYN-IED-1CTRL - GGIO1$CF
IED_SERVER: Insert into cache DYN-IED-1CTRL - GGIO1
IED_SERVER: Insert into cache DYN-IED-1CTRL - GGIO1$ST
IED_SERVER: Insert into cache DYN-IED-1CTRL - GGIO1$CF
IED_SERVER: Insert into cache DYN-IED-1CTRL - GGIO1
IED_SERVER: Insert into cache DYN-IED-1CTRL - GGIO1$ST
IED_SERVER: Insert into cache DYN-IED-1CTRL - GGIO1$CF
IED_SERVER: Insert into cache DYN-IED-1CTRL - GGIO1
IED_SERVER: Insert into cache DYN-IED-1CTRL - GGIO1$ST
IED_SERVER: Insert into cache DYN-IED-1CTRL - GGIO1$CF
IED_SERVER: Insert into cache DYN-IED-1CTRL - GGIO1
IED_SERVER: Insert into cache DYN-IED-1CTRL - GGIO1$ST
IED_SERVER: Insert into cache DYN-IED-1CTRL - GGIO1$CF
IED_SERVER: Insert into cache DYN-IED-1CTRL - GGIO1
IED_SERVER: Insert into cache DYN-IED-1CTRL - GGIO1$ST
IED_SERVER: Insert into cache DYN-IED-1CTRL - GGIO1$CF
IED_SERVER: Insert into cache DYN-IED-1CTRL - GGIO1
IED_SERVER: Insert into cache DYN-IED-1CTRL - GGIO1$ST
IED_SERVER: Insert into cache DYN-IED-1CTRL - GGIO1$CF
IED_SERVER: Insert into cache DYN-IED-1CTRL - E05Q93CSWI1
IED_SERVER: Insert into cache DYN-IED-1CTRL - E05Q93CSWI1$ST
IED_SERVER: create control object LN:E05Q93CSWI1 DO:Pos
IED_SERVER: create control object for LD: DYN-IED-1CTRL, LN: E05Q93CSWI1, name: Pos
IED_SERVER: Insert into cache DYN-IED-1CTRL - E05Q93CSWI1$CF
IED_SERVER: Insert into cache DYN-IED-1CTRL - E01Q92CSWI1
IED_SERVER: Insert into cache DYN-IED-1CTRL - E01Q92CSWI1$ST
IED_SERVER: create control object LN:E01Q92CSWI1 DO:Pos
IED_SERVER: create control object for LD: DYN-IED-1CTRL, LN: E01Q92CSWI1, name: Pos
IED_SERVER: Insert into cache DYN-IED-1CTRL - E01Q92CSWI1$CF
IED_SERVER: Insert into cache DYN-IED-1CTRL - E01Q91CSWI1
IED_SERVER: Insert into cache DYN-IED-1CTRL - E01Q91CSWI1$ST
IED_SERVER: create control object LN:E01Q91CSWI1 DO:Pos
IED_SERVER: create control object for LD: DYN-IED-1CTRL, LN: E01Q91CSWI1, name: Pos
IED_SERVER: Insert into cache DYN-IED-1CTRL - E01Q91CSWI1$CF
IED_SERVER: Insert into cache DYN-IED-1CTRL - E01Q08CSWI1
IED_SERVER: Insert into cache DYN-IED-1CTRL - E01Q08CSWI1$ST
IED_SERVER: create control object LN:E01Q08CSWI1 DO:Pos
IED_SERVER: create control object for LD: DYN-IED-1CTRL, LN: E01Q08CSWI1, name: Pos
IED_SERVER: Insert into cache DYN-IED-1CTRL - E01Q08CSWI1$CF
IED_SERVER: Insert into cache DYN-IED-1CTRL - E01Q01CSWI1
IED_SERVER: Insert into cache DYN-IED-1CTRL - E01Q01CSWI1$ST
IED_SERVER: create control object LN:E01Q01CSWI1 DO:Pos
IED_SERVER: create control object for LD: DYN-IED-1CTRL, LN: E01Q01CSWI1, name: Pos
IED_SERVER: Insert into cache DYN-IED-1CTRL - E01Q01CSWI1$CF
IED_SERVER: Insert into cache DYN-IED-1CTRL - LLN0
IED_SERVER: Insert into cache DYN-IED-1CTRL - LLN0$ST
IED_SERVER: Insert into cache DYN-IED-1PROT - LLN0
IED_SERVER: Insert into cache DYN-IED-1EXT - pdGGIO79
IED_SERVER: Insert into cache DYN-IED-1EXT - pdGGIO79$MX
IED_SERVER: Insert into cache DYN-IED-1EXT - pdGGIO79$CF
IED_SERVER: Insert into cache DYN-IED-1EXT - pdGGIO32768
IED_SERVER: Insert into cache DYN-IED-1EXT - pdGGIO32768$ST
IED_SERVER: Insert into cache DYN-IED-1EXT - pdGGIO32768$CF
IED_SERVER: Insert into cache DYN-IED-1MEAS - MMXU1
IED_SERVER: Insert into cache DYN-IED-1MEAS - MMXU1$MX
IED_SERVER: Insert into cache DYN-IED-1MEAS - MMXU1$CF
IED_SERVER: Insert into cache DYN-IED-1MEAS - MMXU1
IED_SERVER: Insert into cache DYN-IED-1MEAS - MMXU1$MX
IED_SERVER: Insert into cache DYN-IED-1MEAS - MMXU1$CF
IED_SERVER: Insert into cache DYN-IED-1MEAS - MMXU1
IED_SERVER: Insert into cache DYN-IED-1MEAS - MMXU1$MX
IED_SERVER: Insert into cache DYN-IED-1MEAS - MMXU1$CF
IED_SERVER: Insert into cache DYN-IED-1MEAS - MMXU1
IED_SERVER: Insert into cache DYN-IED-1MEAS - MMXU1
IED_SERVER: Insert into cache DYN-IED-1MEAS - MMXU1
IED_SERVER: Insert into cache DYN-IED-1MEAS - MMXU1
IED_SERVER: Insert into cache DYN-IED-1MEAS - MMXU1
IED_SERVER: Insert into cache DYN-IED-1MEAS - MMXU1
IED_SERVER: Insert into cache DYN-IED-1MEAS - MMXU1
IED_SERVER: Insert into cache DYN-IED-1PROT - PTOC4
IED_SERVER: Insert into cache DYN-IED-1PROT - PTOC4$ST
IED_SERVER: Insert into cache DYN-IED-1PROT - PTOC3
IED_SERVER: Insert into cache DYN-IED-1PROT - PTOC3$ST
IED_SERVER: Insert into cache DYN-IED-1PROT - PTRC3
IED_SERVER: Insert into cache DYN-IED-1PROT - PTRC3$ST
IED_SERVER: Insert into cache DYN-IED-1PROT - PTRC3
IED_SERVER: Insert into cache DYN-IED-1PROT - PTRC3$ST
IED_SERVER: LD: CTRL dataset: LLN0$DataSet_2 : error cannot get value from cache for CTRL -> GGIO2$ST$SPCSO9$q!
IED_SERVER: LD: CTRL dataset: LLN0$DataSet_2 : error cannot get value from cache for CTRL -> GGIO2$ST$SPCSO9$stVal!
IED_SERVER: LD: CTRL dataset: LLN0$DataSet_2 : error cannot get value from cache for CTRL -> GGIO2$ST$SPCSO9$q!
IED_SERVER: LD: CTRL dataset: LLN0$DataSet_2 : error cannot get value from cache for CTRL -> GGIO2$ST$SPCSO9$stVal!
IED_SERVER: LD: CTRL dataset: LLN0$DataSet_1 : error cannot get value from cache for CTRL -> GGIO2$ST$SPCSO7$q!
IED_SERVER: LD: CTRL dataset: LLN0$DataSet_1 : error cannot get value from cache for CTRL -> GGIO2$ST$SPCSO7$stVal!
IED_SERVER: LD: CTRL dataset: LLN0$DataSet_3 : error cannot get value from cache for CTRL -> GGIO2$ST$SPCSO10$q!
IED_SERVER: LD: CTRL dataset: LLN0$DataSet_3 : error cannot get value from cache for CTRL -> GGIO2$ST$SPCSO10$stVal!
IED_SERVER: LD: CTRL dataset: LLN0$DataSet_2 : error cannot get value from cache for CTRL -> GGIO2$ST$SPCSO9$q!
IED_SERVER: LD: CTRL dataset: LLN0$DataSet_2 : error cannot get value from cache for CTRL -> GGIO2$ST$SPCSO9$stVal!
IED_SERVER: LD: CTRL dataset: LLN0$DataSet1 : error cannot get value from cache for EXT -> pdGGIO32768$MX$AnIn3!
IED_SERVER: LD: CTRL dataset: LLN0$DataSet1 : error cannot get value from cache for EXT -> pdGGIO32768$MX$AnIn1!
IED_SERVER: LD: CTRL dataset: LLN0$DataSet1 : error cannot get value from cache for EXT -> pdGGIO32768$ST$SPCSO20!
IED_SERVER: LD: CTRL dataset: LLN0$DataSet1 : error cannot get value from cache for MEAS -> MMXU1$MX$PhV.phsB!
IED_SERVER: LD: CTRL dataset: LLN0$DataSet1 : error cannot get value from cache for MEAS -> MMXU1$MX$PhV.neut!
IED_SERVER: LD: CTRL dataset: LLN0$DataSet1 : error cannot get value from cache for CTRL -> Q401XCBR1$ST$Pos!
IED_SERVER: LD: CTRL dataset: LLN0$DataSet1 : error cannot get value from cache for CTRL -> Q401CSWI1$ST$Pos!
IED_SERVER: LD: CTRL dataset: LLN0$DataSet1 : error cannot get value from cache for CTRL -> E01Q01XCBR1$ST$OpCnt!
IED_SERVER: LD: CTRL dataset: LLN0$DataSet1 : error cannot get value from cache for CTRL -> Q400XCBR1$ST$Pos!
IED_SERVER: LD: CTRL dataset: LLN0$DataSet1 : error cannot get value from cache for CTRL -> Q400CILO1$ST$EnaOpn!
IED_SERVER: LD: CTRL dataset: LLN0$DataSet1 : error cannot get value from cache for CTRL -> Q400CILO1$ST$EnaCls!
IED_SERVER: LD: CTRL dataset: LLN0$DataSet1 : error cannot get value from cache for CTRL -> LOKE01GAPC2$ST$Op!
IED_SERVER: LD: CTRL dataset: LLN0$DataSet1 : error cannot get value from cache for CTRL -> E05Q93XSWI1$ST$Pos!
IED_SERVER: LD: CTRL dataset: LLN0$DataSet1 : error cannot get value from cache for CTRL -> E05Q93CILO1$ST$EnaOpn!
IED_SERVER: LD: CTRL dataset: LLN0$DataSet1 : error cannot get value from cache for CTRL -> E05Q93CILO1$ST$EnaCls!
IED_SERVER: LD: CTRL dataset: LLN0$DataSet1 : error cannot get value from cache for CTRL -> E01Q92XSWI1$ST$Pos!
IED_SERVER: LD: CTRL dataset: LLN0$DataSet1 : error cannot get value from cache for CTRL -> E01Q92CILO1$ST$EnaOpn!
IED_SERVER: LD: CTRL dataset: LLN0$DataSet1 : error cannot get value from cache for CTRL -> E01Q92CILO1$ST$EnaCls!
IED_SERVER: LD: CTRL dataset: LLN0$DataSet1 : error cannot get value from cache for CTRL -> E01Q91XSWI1$ST$Pos!
IED_SERVER: LD: CTRL dataset: LLN0$DataSet1 : error cannot get value from cache for CTRL -> E01Q91CILO1$ST$EnaOpn!
IED_SERVER: LD: CTRL dataset: LLN0$DataSet1 : error cannot get value from cache for CTRL -> E01Q91CILO1$ST$EnaCls!
IED_SERVER: LD: CTRL dataset: LLN0$DataSet1 : error cannot get value from cache for CTRL -> E01Q08XSWI1$ST$Pos!
IED_SERVER: LD: CTRL dataset: LLN0$DataSet1 : error cannot get value from cache for CTRL -> E01Q01XCBR1$ST$Pos!
IED_SERVER: LD: CTRL dataset: LLN0$DataSet1 : error cannot get value from cache for CTRL -> E01Q01CILO1$ST$EnaOpn!
IED_SERVER: LD: CTRL dataset: LLN0$DataSet1 : error cannot get value from cache for CTRL -> E01Q01CILO1$ST$EnaCls!
IED_SERVER: LD: CTRL dataset: LLN0$DataSet1 : error cannot get value from cache for CTRL -> RSYN1$ST$SynPrg!
IED_SERVER: LD: CTRL dataset: LLN0$DataSet1 : error cannot get value from cache for CTRL -> Q400CSWI1$ST$Pos!
IED_SERVER: LD: CTRL dataset: LLN0$DataSet1 : error cannot get value from cache for CTRL -> GGIO3$ST$SPCSO2!
IED_SERVER: LD: CTRL dataset: LLN0$DataSet1 : error cannot get value from cache for CTRL -> GGIO3$ST$SPCSO16!
IED_SERVER: LD: CTRL dataset: LLN0$DataSet1 : error cannot get value from cache for CTRL -> GGIO3$ST$SPCSO1!
IED_SERVER: LD: CTRL dataset: LLN0$DataSet1 : error cannot get value from cache for CTRL -> GGIO2$ST$SPCSO9!
IED_SERVER: LD: CTRL dataset: LLN0$DataSet1 : error cannot get value from cache for CTRL -> GGIO2$ST$SPCSO8!
IED_SERVER: LD: CTRL dataset: LLN0$DataSet1 : error cannot get value from cache for CTRL -> GGIO2$ST$SPCSO7!
IED_SERVER: LD: CTRL dataset: LLN0$DataSet1 : error cannot get value from cache for CTRL -> GGIO2$ST$SPCSO6!
IED_SERVER: LD: CTRL dataset: LLN0$DataSet1 : error cannot get value from cache for CTRL -> GGIO2$ST$SPCSO5!
IED_SERVER: LD: CTRL dataset: LLN0$DataSet1 : error cannot get value from cache for CTRL -> GGIO2$ST$SPCSO41!
IED_SERVER: LD: CTRL dataset: LLN0$DataSet1 : error cannot get value from cache for CTRL -> GGIO2$ST$SPCSO4!
IED_SERVER: LD: CTRL dataset: LLN0$DataSet1 : error cannot get value from cache for CTRL -> GGIO2$ST$SPCSO39!
IED_SERVER: LD: CTRL dataset: LLN0$DataSet1 : error cannot get value from cache for CTRL -> GGIO2$ST$SPCSO38!
IED_SERVER: LD: CTRL dataset: LLN0$DataSet1 : error cannot get value from cache for CTRL -> GGIO2$ST$SPCSO37!
IED_SERVER: LD: CTRL dataset: LLN0$DataSet1 : error cannot get value from cache for CTRL -> GGIO2$ST$SPCSO36!
IED_SERVER: LD: CTRL dataset: LLN0$DataSet1 : error cannot get value from cache for CTRL -> GGIO2$ST$SPCSO35!
IED_SERVER: LD: CTRL dataset: LLN0$DataSet1 : error cannot get value from cache for CTRL -> GGIO2$ST$SPCSO34!
IED_SERVER: LD: CTRL dataset: LLN0$DataSet1 : error cannot get value from cache for CTRL -> GGIO2$ST$SPCSO33!
IED_SERVER: LD: CTRL dataset: LLN0$DataSet1 : error cannot get value from cache for CTRL -> GGIO2$ST$SPCSO32!
IED_SERVER: LD: CTRL dataset: LLN0$DataSet1 : error cannot get value from cache for CTRL -> GGIO2$ST$SPCSO31!
IED_SERVER: LD: CTRL dataset: LLN0$DataSet1 : error cannot get value from cache for CTRL -> GGIO2$ST$SPCSO30!
IED_SERVER: LD: CTRL dataset: LLN0$DataSet1 : error cannot get value from cache for CTRL -> GGIO2$ST$SPCSO3!
IED_SERVER: LD: CTRL dataset: LLN0$DataSet1 : error cannot get value from cache for CTRL -> GGIO2$ST$SPCSO29!
IED_SERVER: LD: CTRL dataset: LLN0$DataSet1 : error cannot get value from cache for CTRL -> GGIO2$ST$SPCSO28!
IED_SERVER: LD: CTRL dataset: LLN0$DataSet1 : error cannot get value from cache for CTRL -> GGIO2$ST$SPCSO27!
IED_SERVER: LD: CTRL dataset: LLN0$DataSet1 : error cannot get value from cache for CTRL -> GGIO2$ST$SPCSO26!
IED_SERVER: LD: CTRL dataset: LLN0$DataSet1 : error cannot get value from cache for CTRL -> GGIO2$ST$SPCSO25!
IED_SERVER: LD: CTRL dataset: LLN0$DataSet1 : error cannot get value from cache for CTRL -> GGIO2$ST$SPCSO24!
IED_SERVER: LD: CTRL dataset: LLN0$DataSet1 : error cannot get value from cache for CTRL -> GGIO2$ST$SPCSO23!
IED_SERVER: LD: CTRL dataset: LLN0$DataSet1 : error cannot get value from cache for CTRL -> GGIO2$ST$SPCSO22!
IED_SERVER: LD: CTRL dataset: LLN0$DataSet1 : error cannot get value from cache for CTRL -> GGIO2$ST$SPCSO21!
IED_SERVER: LD: CTRL dataset: LLN0$DataSet1 : error cannot get value from cache for CTRL -> GGIO2$ST$SPCSO20!
IED_SERVER: LD: CTRL dataset: LLN0$DataSet1 : error cannot get value from cache for CTRL -> GGIO2$ST$SPCSO19!
IED_SERVER: LD: CTRL dataset: LLN0$DataSet1 : error cannot get value from cache for CTRL -> GGIO2$ST$SPCSO10!
IED_SERVER: LD: CTRL dataset: LLN0$DataSet1 : error cannot get value from cache for CTRL -> GGIO2$ST$SPCSO1!
IED_SERVER: LD: CTRL dataset: LLN0$DataSet1 : error cannot get value from cache for CTRL -> E05Q93CSWI1$ST$Pos!
IED_SERVER: LD: CTRL dataset: LLN0$DataSet1 : error cannot get value from cache for CTRL -> E01Q92CSWI1$ST$Pos!
IED_SERVER: LD: CTRL dataset: LLN0$DataSet1 : error cannot get value from cache for CTRL -> E01Q91CSWI1$ST$Pos!
IED_SERVER: LD: CTRL dataset: LLN0$DataSet1 : error cannot get value from cache for CTRL -> E01Q08CSWI1$ST$Pos!
IED_SERVER: LD: CTRL dataset: LLN0$DataSet1 : error cannot get value from cache for CTRL -> E01Q01CSWI1$ST$Pos!
IED_SERVER: LD: CTRL dataset: LLN0$DataSet1 : error cannot get value from cache for CTRL -> LLN0$ST$Loc!
IED_SERVER: LD: PROT dataset: LLN0$DataSet : error cannot get value from cache for EXT -> pdGGIO32768$ST$SPCSO20!
IED_SERVER: LD: PROT dataset: LLN0$DataSet : error cannot get value from cache for MEAS -> MMXU1$MX$TotW!
IED_SERVER: LD: PROT dataset: LLN0$DataSet : error cannot get value from cache for MEAS -> MMXU1$MX$TotVAr!
IED_SERVER: LD: PROT dataset: LLN0$DataSet : error cannot get value from cache for MEAS -> MMXU1$MX$TotVA!
IED_SERVER: LD: PROT dataset: LLN0$DataSet : error cannot get value from cache for MEAS -> MMXU1$MX$PhV.neut!
IED_SERVER: LD: PROT dataset: LLN0$DataSet : error cannot get value from cache for MEAS -> MMXU1$MX$PPV.phsCA!
IED_SERVER: LD: PROT dataset: LLN0$DataSet : error cannot get value from cache for MEAS -> MMXU1$MX$PPV.phsBC!
IED_SERVER: LD: PROT dataset: LLN0$DataSet : error cannot get value from cache for MEAS -> MMXU1$MX$PPV.phsAB!
IED_SERVER: LD: PROT dataset: LLN0$DataSet : error cannot get value from cache for MEAS -> MMXU1$MX$A.phsC!
IED_SERVER: LD: PROT dataset: LLN0$DataSet : error cannot get value from cache for MEAS -> MMXU1$MX$A.phsB!
IED_SERVER: LD: PROT dataset: LLN0$DataSet : error cannot get value from cache for MEAS -> MMXU1$MX$A.phsA!
IED_SERVER: LD: PROT dataset: LLN0$DataSet : error cannot get value from cache for PROT -> PTOC4$ST$Op!
IED_SERVER: LD: PROT dataset: LLN0$DataSet : error cannot get value from cache for PROT -> PTOC3$ST$Op!
IED_SERVER: initialize control for LLN0$CF$LEDRs$ctlModel
IED_SERVER:  ERROR - stValType (-1) or ctlValType (-1) could not be determined!
IED_SERVER:  ctlModel: 0
IED_SERVER: initialize control for LLN0$CF$LEDRs$ctlModel
IED_SERVER:  ERROR - stValType (-1) or ctlValType (-1) could not be determined!
IED_SERVER:  ctlModel: 0
IED_SERVER: initialize control for LLN0$CF$LEDRs$ctlModel
IED_SERVER:  ERROR - stValType (-1) or ctlValType (-1) could not be determined!
IED_SERVER:  ctlModel: 0
IED_SERVER: initialize control for SYNCGAPC1$CF$SPCSO$ctlModel
IED_SERVER:  ERROR - stValType (-1) or ctlValType (-1) could not be determined!
IED_SERVER:  ctlModel: 0
IED_SERVER: initialize control for Q401CSWI1$CF$Pos$ctlModel
IED_SERVER: set timeout for DYN-IED-1CTRL/Q401CSWI1.Pos to 0
IED_SERVER:  ERROR - stValType (-1) or ctlValType (-1) could not be determined!
IED_SERVER:  ctlModel: 0
IED_SERVER: initialize control for ARGAPC1$CF$SPCSO$ctlModel
IED_SERVER:  ERROR - stValType (-1) or ctlValType (-1) could not be determined!
IED_SERVER:  ctlModel: 0
IED_SERVER: initialize control for Q400CSWI1$CF$Pos$ctlModel
IED_SERVER: set timeout for DYN-IED-1CTRL/Q400CSWI1.Pos to 0
IED_SERVER:  ERROR - stValType (-1) or ctlValType (-1) could not be determined!
IED_SERVER:  ctlModel: 0
IED_SERVER: initialize control for LOKE01GAPC2$CF$SPCSO$ctlModel
IED_SERVER:  ERROR - stValType (-1) or ctlValType (-1) could not be determined!
IED_SERVER:  ctlModel: 0
IED_SERVER: initialize control for E05Q93CSWI1$CF$Pos$ctlModel
IED_SERVER: set timeout for DYN-IED-1CTRL/E05Q93CSWI1.Pos to 0
IED_SERVER:  ERROR - stValType (-1) or ctlValType (-1) could not be determined!
IED_SERVER:  ctlModel: 0
IED_SERVER: initialize control for E01Q01CSWI1$CF$Pos$ctlModel
IED_SERVER: set timeout for DYN-IED-1CTRL/E01Q01CSWI1.Pos to 0
IED_SERVER:  ERROR - stValType (-1) or ct